<?xml version="1.0" encoding="UTF-8"?>
<testsuite xmlns:xsi="http://www.w3.org/2001/XMLSchema-instance" xsi:noNamespaceSchemaLocation="https://maven.apache.org/surefire/maven-surefire-plugin/xsd/surefire-test-report-3.0.xsd" version="3.0" name="com.MongoProyectoDavidDeportes.David.app.MongoProyectoDavidDeportesApplicationTests" time="4.276" tests="1" errors="0" skipped="0" failures="0">
  <properties>
[...]
</properties>
  <testcase name="contextLoads" classname="com.MongoProyectoDavidDeportes.David.app.MongoProyectoDavidDeportesApplicationTests" time="0.812">
    <system-out><![CDATA[11:38:12.096 [main] INFO org.springframework.test.context.support.AnnotationConfigContextLoaderUtils -- Could not detect default configuration classes for test class [com.MongoProyectoDavidDeportes.David.app.MongoProyectoDavidDeportesApplicationTests]: MongoProyectoDavidDeportesApplicationTests does not declare any static, non-private, non-final, nested classes annotated with @Configuration.
11:38:12.223 [main] INFO org.springframework.boot.test.context.SpringBootTestContextBootstrapper -- Found @SpringBootConfiguration com.MongoProyectoDavidDeportes.David.app.MongoProyectoDavidDeportesApplication for test class com.MongoProyectoDavidDeportes.David.app.MongoProyectoDavidDeportesApplicationTests
11:38:12.413 [main] INFO org.springframework.boot.devtools.restart.RestartApplicationListener -- Restart disabled due to context in which it is running

  .   ____          _            __ _ _
 /\\ / ___'_ __ _ _(_)_ __  __ _ \ \ \ \
( ( )\___ | '_ | '_| | '_ \/ _` | \ \ \ \
 \\/  ___)| |_)| | | | | || (_| |  ) ) ) )
  '  |____| .__|_| |_|_| |_\__, | / / / /
 =========|_|==============|___/=/_/_/_/

 :: Spring Boot ::                (v3.3.4)

2024-10-15T11:38:12.661-05:00  INFO 9676 --- [MongoProyectoDavidDeportes] [           main] ngoProyectoDavidDeportesApplicationTests : Starting MongoProyectoDavidDeportesApplicationTests using Java 17.0.10 with PID 9676 (started by sanjo in C:\IDIOMAS\MongoProyectoDavidDeportes)
2024-10-15T11:38:12.662-05:00  INFO 9676 --- [MongoProyectoDavidDeportes] [           main] ngoProyectoDavidDeportesApplicationTests : No active profile set, falling back to 1 default profile: "default"
2024-10-15T11:38:13.532-05:00  INFO 9676 --- [MongoProyectoDavidDeportes] [           main] .s.d.r.c.RepositoryConfigurationDelegate : Bootstrapping Spring Data MongoDB repositories in DEFAULT mode.
2024-10-15T11:38:13.609-05:00  INFO 9676 --- [MongoProyectoDavidDeportes] [           main] .s.d.r.c.RepositoryConfigurationDelegate : Finished Spring Data repository scanning in 71 ms. Found 5 MongoDB repository interfaces.
2024-10-15T11:38:14.195-05:00  INFO 9676 --- [MongoProyectoDavidDeportes] [           main] org.mongodb.driver.client                : MongoClient with metadata {"driver": {"name": "mongo-java-driver|sync|spring-boot", "version": "5.0.1"}, "os": {"type": "Windows", "name": "Windows 11", "architecture": "amd64", "version": "10.0"}, "platform": "Java/Eclipse Adoptium/17.0.10+7"} created with settings MongoClientSettings{readPreference=primary, writeConcern=WriteConcern{w=null, wTimeout=null ms, journal=null}, retryWrites=true, retryReads=true, readConcern=ReadConcern{level=null}, credential=MongoCredential{mechanism=null, userName='davidgomezempresariales', source='admin', password=<hidden>, mechanismProperties=<hidden>}, transportSettings=null, commandListeners=[], codecRegistry=ProvidersCodecRegistry{codecProviders=[ValueCodecProvider{}, BsonValueCodecProvider{}, DBRefCodecProvider{}, DBObjectCodecProvider{}, DocumentCodecProvider{}, CollectionCodecProvider{}, IterableCodecProvider{}, MapCodecProvider{}, GeoJsonCodecProvider{}, GridFSFileCodecProvider{}, Jsr310CodecProvider{}, JsonObjectCodecProvider{}, BsonCodecProvider{}, EnumCodecProvider{}, com.mongodb.client.model.mql.ExpressionCodecProvider@6c8fe7a4, com.mongodb.Jep395RecordCodecProvider@2047981, com.mongodb.KotlinCodecProvider@2ad99cf3]}, loggerSettings=LoggerSettings{maxDocumentLength=1000}, clusterSettings={hosts=[127.0.0.1:27017], srvHost=cluster0.u3wk5.mongodb.net, srvServiceName=mongodb, mode=MULTIPLE, requiredClusterType=REPLICA_SET, requiredReplicaSetName='atlas-10iuwo-shard-0', serverSelector='null', clusterListeners='[]', serverSelectionTimeout='30000 ms', localThreshold='15 ms'}, socketSettings=SocketSettings{connectTimeoutMS=10000, readTimeoutMS=0, receiveBufferSize=0, proxySettings=ProxySettings{host=null, port=null, username=null, password=null}}, heartbeatSocketSettings=SocketSettings{connectTimeoutMS=10000, readTimeoutMS=10000, receiveBufferSize=0, proxySettings=ProxySettings{host=null, port=null, username=null, password=null}}, connectionPoolSettings=ConnectionPoolSettings{maxSize=100, minSize=0, maxWaitTimeMS=120000, maxConnectionLifeTimeMS=0, maxConnectionIdleTimeMS=0, maintenanceInitialDelayMS=0, maintenanceFrequencyMS=60000, connectionPoolListeners=[], maxConnecting=2}, serverSettings=ServerSettings{heartbeatFrequencyMS=10000, minHeartbeatFrequencyMS=500, serverListeners='[]', serverMonitorListeners='[]'}, sslSettings=SslSettings{enabled=true, invalidHostNameAllowed=false, context=null}, applicationName='null', compressorList=[], uuidRepresentation=JAVA_LEGACY, serverApi=null, autoEncryptionSettings=null, dnsClient=null, inetAddressResolver=null, contextProvider=null}
2024-10-15T11:38:14.262-05:00  INFO 9676 --- [MongoProyectoDavidDeportes] [wk5.mongodb.net] org.mongodb.driver.cluster               : Adding discovered server cluster0-shard-00-01.u3wk5.mongodb.net:27017 to client view of cluster
2024-10-15T11:38:14.291-05:00  INFO 9676 --- [MongoProyectoDavidDeportes] [wk5.mongodb.net] org.mongodb.driver.cluster               : Adding discovered server cluster0-shard-00-00.u3wk5.mongodb.net:27017 to client view of cluster
2024-10-15T11:38:14.296-05:00  INFO 9676 --- [MongoProyectoDavidDeportes] [wk5.mongodb.net] org.mongodb.driver.cluster               : Adding discovered server cluster0-shard-00-02.u3wk5.mongodb.net:27017 to client view of cluster
2024-10-15T11:38:14.786-05:00  INFO 9676 --- [MongoProyectoDavidDeportes] [           main] o.s.b.a.w.s.WelcomePageHandlerMapping    : Adding welcome page template: index
2024-10-15T11:38:15.322-05:00  INFO 9676 --- [MongoProyectoDavidDeportes] [ngodb.net:27017] org.mongodb.driver.cluster               : Monitor thread successfully connected to server with description ServerDescription{address=cluster0-shard-00-00.u3wk5.mongodb.net:27017, type=REPLICA_SET_SECONDARY, state=CONNECTED, ok=true, minWireVersion=0, maxWireVersion=21, maxDocumentSize=16777216, logicalSessionTimeoutMinutes=30, roundTripTimeNanos=601683500, setName='atlas-10iuwo-shard-0', canonicalAddress=cluster0-shard-00-00.u3wk5.mongodb.net:27017, hosts=[cluster0-shard-00-00.u3wk5.mongodb.net:27017, cluster0-shard-00-01.u3wk5.mongodb.net:27017, cluster0-shard-00-02.u3wk5.mongodb.net:27017], passives=[], arbiters=[], primary='cluster0-shard-00-01.u3wk5.mongodb.net:27017', tagSet=TagSet{[Tag{name='availabilityZone', value='southamerica-east1-a'}, Tag{name='diskState', value='READY'}, Tag{name='nodeType', value='ELECTABLE'}, Tag{name='provider', value='GCP'}, Tag{name='region', value='SOUTH_AMERICA_EAST_1'}, Tag{name='workloadType', value='OPERATIONAL'}]}, electionId=null, setVersion=11, topologyVersion=TopologyVersion{processId=6707e4ec0e6c916aa162c922, counter=4}, lastWriteDate=Tue Oct 15 11:38:16 COT 2024, lastUpdateTimeNanos=813983051400}
2024-10-15T11:38:15.322-05:00  INFO 9676 --- [MongoProyectoDavidDeportes] [ngodb.net:27017] org.mongodb.driver.cluster               : Monitor thread successfully connected to server with description ServerDescription{address=cluster0-shard-00-01.u3wk5.mongodb.net:27017, type=REPLICA_SET_PRIMARY, state=CONNECTED, ok=true, minWireVersion=0, maxWireVersion=21, maxDocumentSize=16777216, logicalSessionTimeoutMinutes=30, roundTripTimeNanos=603023800, setName='atlas-10iuwo-shard-0', canonicalAddress=cluster0-shard-00-01.u3wk5.mongodb.net:27017, hosts=[cluster0-shard-00-00.u3wk5.mongodb.net:27017, cluster0-shard-00-01.u3wk5.mongodb.net:27017, cluster0-shard-00-02.u3wk5.mongodb.net:27017], passives=[], arbiters=[], primary='cluster0-shard-00-01.u3wk5.mongodb.net:27017', tagSet=TagSet{[Tag{name='availabilityZone', value='southamerica-east1-b'}, Tag{name='diskState', value='READY'}, Tag{name='nodeType', value='ELECTABLE'}, Tag{name='provider', value='GCP'}, Tag{name='region', value='SOUTH_AMERICA_EAST_1'}, Tag{name='workloadType', value='OPERATIONAL'}]}, electionId=7fffffff000000000000007b, setVersion=11, topologyVersion=TopologyVersion{processId=6707e835f2396d291b5af0ab, counter=6}, lastWriteDate=Tue Oct 15 11:38:16 GMT-05:00 2024, lastUpdateTimeNanos=813982964800}
2024-10-15T11:38:15.323-05:00  INFO 9676 --- [MongoProyectoDavidDeportes] [           main] ngoProyectoDavidDeportesApplicationTests : Started MongoProyectoDavidDeportesApplicationTests in 2.925 seconds (process running for 4.257)
2024-10-15T11:38:15.323-05:00  INFO 9676 --- [MongoProyectoDavidDeportes] [ngodb.net:27017] org.mongodb.driver.cluster               : Monitor thread successfully connected to server with description ServerDescription{address=cluster0-shard-00-02.u3wk5.mongodb.net:27017, type=REPLICA_SET_SECONDARY, state=CONNECTED, ok=true, minWireVersion=0, maxWireVersion=21, maxDocumentSize=16777216, logicalSessionTimeoutMinutes=30, roundTripTimeNanos=605824100, setName='atlas-10iuwo-shard-0', canonicalAddress=cluster0-shard-00-02.u3wk5.mongodb.net:27017, hosts=[cluster0-shard-00-00.u3wk5.mongodb.net:27017, cluster0-shard-00-01.u3wk5.mongodb.net:27017, cluster0-shard-00-02.u3wk5.mongodb.net:27017], passives=[], arbiters=[], primary='cluster0-shard-00-01.u3wk5.mongodb.net:27017', tagSet=TagSet{[Tag{name='availabilityZone', value='southamerica-east1-c'}, Tag{name='diskState', value='READY'}, Tag{name='nodeType', value='ELECTABLE'}, Tag{name='provider', value='GCP'}, Tag{name='region', value='SOUTH_AMERICA_EAST_1'}, Tag{name='workloadType', value='OPERATIONAL'}]}, electionId=null, setVersion=11, topologyVersion=TopologyVersion{processId=6707ea3f7c939837e8019327, counter=3}, lastWriteDate=Tue Oct 15 11:38:16 GMT-05:00 2024, lastUpdateTimeNanos=813986977500}
2024-10-15T11:38:15.326-05:00  INFO 9676 --- [MongoProyectoDavidDeportes] [ngodb.net:27017] org.mongodb.driver.cluster               : Discovered replica set primary cluster0-shard-00-01.u3wk5.mongodb.net:27017 with max election id 7fffffff000000000000007b and max set version 11
]]></system-out>
  </testcase>
</testsuite>